=== Experiment: 01-network-packet-loss ===

=== Test Results during Chaos ===
Request 1 (T+0s):
{"backend_response":{"dataservice_response":{"data":[{"id":1,"value":"A"},{"id":2,"value":"B"},{"id":3,"value":"C"}],"message":"Query successful","processing_time":0.08620579969175712},"latency_ms":90.57,"source":"backend"},"latency_ms":93.39,"source":"frontend"}

Status: 200 Time: 0.102779s
------------------
networkchaos.chaos-mesh.org/severe-packet-loss created
Request 2 (T+2s):
{"error":"HTTPConnectionPool(host='backend-service', port=5001): Max retries exceeded with url: /data (Caused by ConnectTimeoutError(<HTTPConnection(host='backend-service', port=5001) at 0x7f60244a9d50>, 'Connection to backend-service timed out. (connect timeout=5)'))","service":"frontend"}

Status: 503 Time: 5.014786s
------------------
Request 3 (T+9s):
{"error":"HTTPConnectionPool(host='backend-service', port=5001): Max retries exceeded with url: /data (Caused by ConnectTimeoutError(<HTTPConnection(host='backend-service', port=5001) at 0x7f60244948d0>, 'Connection to backend-service timed out. (connect timeout=5)'))","service":"frontend"}

Status: 503 Time: 5.013974s
------------------
Request 4 (T+16s):
{"error":"HTTPConnectionPool(host='backend-service', port=5001): Max retries exceeded with url: /data (Caused by ConnectTimeoutError(<HTTPConnection(host='backend-service', port=5001) at 0x7f602449acd0>, 'Connection to backend-service timed out. (connect timeout=5)'))","service":"frontend"}

Status: 503 Time: 5.014159s
------------------
Request 5 (T+23s):
{"error":"HTTPConnectionPool(host='backend-service', port=5001): Max retries exceeded with url: /data (Caused by ConnectTimeoutError(<HTTPConnection(host='backend-service', port=5001) at 0x7f60244a92d0>, 'Connection to backend-service timed out. (connect timeout=5)'))","service":"frontend"}

Status: 503 Time: 5.014850s
------------------
Request 6 (T+30s):
{"error":"HTTPConnectionPool(host='backend-service', port=5001): Max retries exceeded with url: /data (Caused by ConnectTimeoutError(<HTTPConnection(host='backend-service', port=5001) at 0x7f6024eb91d0>, 'Connection to backend-service timed out. (connect timeout=5)'))","service":"frontend"}

Status: 503 Time: 5.015513s
------------------
networkchaos.chaos-mesh.org "severe-packet-loss" deleted from chaos-demo namespace

=== Experiment Completed ===
