=== Experiment: 03-dataservice-failure ===

=== Test Results during Chaos ===
Request 1 (T+0s):
{"backend_response":{"dataservice_response":{"data":[{"id":1,"value":"A"},{"id":2,"value":"B"},{"id":3,"value":"C"}],"message":"Query successful","processing_time":0.1404528190381727},"latency_ms":143.44,"source":"backend"},"latency_ms":146.24,"source":"frontend"}

Status: 200 Time: 0.153340s
------------------
podchaos.chaos-mesh.org/dataservice-failure created
Request 2 (T+2s):
{"backend_response":{"dataservice_response":{"data":[{"id":1,"value":"A"},{"id":2,"value":"B"},{"id":3,"value":"C"}],"message":"Query successful","processing_time":0.13159016033882026},"latency_ms":134.3,"source":"backend"},"latency_ms":137.47,"source":"frontend"}

Status: 200 Time: 0.145325s
------------------
Request 3 (T+4s):
{"backend_response":{"dataservice_response":{"data":[{"id":1,"value":"A"},{"id":2,"value":"B"},{"id":3,"value":"C"}],"message":"Query successful","processing_time":0.10240555122416717},"latency_ms":105.47,"source":"backend"},"latency_ms":108.31,"source":"frontend"}

Status: 200 Time: 0.116323s
------------------
Request 4 (T+6s):
{"backend_response":{"dataservice_response":{"data":[{"id":1,"value":"A"},{"id":2,"value":"B"},{"id":3,"value":"C"}],"message":"Query successful","processing_time":0.10579331999539816},"latency_ms":108.43,"source":"backend"},"latency_ms":110.95,"source":"frontend"}

Status: 200 Time: 0.118538s
------------------
Request 5 (T+9s):
{"backend_response":{"dataservice_response":{"data":[{"id":1,"value":"A"},{"id":2,"value":"B"},{"id":3,"value":"C"}],"message":"Query successful","processing_time":0.11126444645181958},"latency_ms":113.72,"source":"backend"},"latency_ms":116.28,"source":"frontend"}

Status: 200 Time: 0.122809s
------------------
Request 6 (T+11s):
{"backend_response":{"dataservice_response":{"data":[{"id":1,"value":"A"},{"id":2,"value":"B"},{"id":3,"value":"C"}],"message":"Query successful","processing_time":0.16134327860288927},"latency_ms":164.22,"source":"backend"},"latency_ms":167.04,"source":"frontend"}

Status: 200 Time: 0.173986s
------------------
podchaos.chaos-mesh.org "dataservice-failure" deleted from chaos-demo namespace

=== Experiment Completed ===
