=== Experiment: 02-network-delay ===

=== Test Results during Chaos ===
Request 1 (T+0s):
{"backend_response":{"dataservice_response":{"data":[{"id":1,"value":"A"},{"id":2,"value":"B"},{"id":3,"value":"C"}],"message":"Query successful","processing_time":0.08129928347541374},"latency_ms":84.36,"source":"backend"},"latency_ms":87.66,"source":"frontend"}

Status: 200 Time: 0.096013s
------------------
networkchaos.chaos-mesh.org/heavy-network-delay created
Request 2 (T+2s):
{"error":"HTTPConnectionPool(host='backend-service', port=5001): Read timed out. (read timeout=5)","service":"frontend"}

Status: 503 Time: 9.982910s
------------------
Request 3 (T+14s):
{"error":"HTTPConnectionPool(host='backend-service', port=5001): Max retries exceeded with url: /data (Caused by ConnectTimeoutError(<HTTPConnection(host='backend-service', port=5001) at 0x7f6024499490>, 'Connection to backend-service timed out. (connect timeout=5)'))","service":"frontend"}

Status: 503 Time: 5.013437s
------------------
Request 4 (T+21s):
{"error":"HTTPConnectionPool(host='backend-service', port=5001): Max retries exceeded with url: /data (Caused by ConnectTimeoutError(<HTTPConnection(host='backend-service', port=5001) at 0x7f60244a9a90>, 'Connection to backend-service timed out. (connect timeout=5)'))","service":"frontend"}

Status: 503 Time: 5.013899s
------------------
Request 5 (T+28s):
{"error":"HTTPConnectionPool(host='backend-service', port=5001): Max retries exceeded with url: /data (Caused by ConnectTimeoutError(<HTTPConnection(host='backend-service', port=5001) at 0x7f60244967d0>, 'Connection to backend-service timed out. (connect timeout=5)'))","service":"frontend"}

Status: 503 Time: 5.014540s
------------------
Request 6 (T+35s):
{"error":"HTTPConnectionPool(host='backend-service', port=5001): Read timed out. (read timeout=5)","service":"frontend"}

Status: 503 Time: 10.002898s
------------------
networkchaos.chaos-mesh.org "heavy-network-delay" deleted from chaos-demo namespace

=== Experiment Completed ===
